Arguments: 
  C:\Program Files\nodejs\node.exe C:\Program Files (x86)\Yarn\bin\yarn.js config set strict-ssl false

PATH: 
  C:\Program Files\Git\mingw64\bin;C:\Program Files\Git\usr\bin;C:\Users\TY\bin;C:\Windows\system32;C:\Windows;C:\Windows\System32\Wbem;C:\Windows\System32\WindowsPowerShell\v1.0;C:\Program Files (x86)\Yarn\bin;C:\Program Files\Git\cmd;C:\Program Files\nodejs;C:\test_pms\Java\jdk1.8.0_152\bin;C:\Program Files\Bandizip;C:\Users\TY\AppData\Local\Programs\Microsoft VS Code\bin;C:\Users\TY\AppData\Local\Yarn\bin;C:\Users\TY\AppData\Roaming\npm

Yarn version: 
  1.22.5

Node version: 
  12.20.1

Platform: 
  win32 x64

Trace: 
  SyntaxError: C:\myStudyApp\vanilla-redux\package.json: Unexpected end of JSON input
      at JSON.parse (<anonymous>)
      at C:\Program Files (x86)\Yarn\lib\cli.js:1625:59
      at Generator.next (<anonymous>)
      at step (C:\Program Files (x86)\Yarn\lib\cli.js:310:30)
      at C:\Program Files (x86)\Yarn\lib\cli.js:321:13

npm manifest: 
  

yarn manifest: 
  No manifest

Lockfile: 
  No lockfile
